dome_cloud_deploy/android-app/app/build/intermediates/manifest_merge_blame_file/debug/processDebugMainManifest/manifest-merger-blame-debug-report.txt
1<?xml version="1.0" encoding="utf-8"?>
2<manifest xmlns:android="http://schemas.android.com/apk/res/android"
3    package="com.example.webrtcstreamer"
4    android:versionCode="1"
5    android:versionName="1.0" >
6
7    <uses-sdk
8        android:minSdkVersion="24"
9        android:targetSdkVersion="34" />
10
11    <uses-permission android:name="android.permission.INTERNET" />
11-->src\main\AndroidManifest.xml:5:5-67
11-->src\main\AndroidManifest.xml:5:22-64
12    <uses-permission android:name="android.permission.CAMERA" />
12-->src\main\AndroidManifest.xml:6:5-65
12-->src\main\AndroidManifest.xml:6:22-62
13    <uses-permission android:name="android.permission.RECORD_AUDIO" />
13-->src\main\AndroidManifest.xml:7:5-71
13-->src\main\AndroidManifest.xml:7:22-68
14    <uses-permission android:name="android.permission.MODIFY_AUDIO_SETTINGS" />
14-->src\main\AndroidManifest.xml:8:5-80
14-->src\main\AndroidManifest.xml:8:22-77
15    <uses-permission android:name="android.permission.ACCESS_NETWORK_STATE" />
15-->src\main\AndroidManifest.xml:9:5-79
15-->src\main\AndroidManifest.xml:9:22-76
16    <uses-permission android:name="android.permission.WAKE_LOCK" />
16-->src\main\AndroidManifest.xml:10:5-68
16-->src\main\AndroidManifest.xml:10:22-65
17
18    <uses-feature android:name="android.hardware.camera" />
18-->src\main\AndroidManifest.xml:12:5-60
18-->src\main\AndroidManifest.xml:12:19-57
19    <uses-feature android:name="android.hardware.camera.autofocus" />
19-->src\main\AndroidManifest.xml:13:5-70
19-->src\main\AndroidManifest.xml:13:19-67
20
21    <permission
21-->[androidx.core:core:1.12.0] AndroidManifest.xml:22:5-24:47
22        android:name="com.example.webrtcstreamer.DYNAMIC_RECEIVER_NOT_EXPORTED_PERMISSION"
22-->[androidx.core:core:1.12.0] AndroidManifest.xml:23:9-81
23        android:protectionLevel="signature" />
23-->[androidx.core:core:1.12.0] AndroidManifest.xml:24:9-44
24
25    <uses-permission android:name="com.example.webrtcstreamer.DYNAMIC_RECEIVER_NOT_EXPORTED_PERMISSION" />
25-->[androidx.core:core:1.12.0] AndroidManifest.xml:26:5-97
25-->[androidx.core:core:1.12.0] AndroidManifest.xml:26:22-94
26
27    <application
27-->src\main\AndroidManifest.xml:15:5-34:19
28        android:allowBackup="true"
28-->src\main\AndroidManifest.xml:16:9-35
29        android:appComponentFactory="androidx.core.app.CoreComponentFactory"
29-->[androidx.core:core:1.12.0] AndroidManifest.xml:28:18-86
30        android:debuggable="true"
31        android:extractNativeLibs="false"
32        android:icon="@mipmap/ic_launcher"
32-->src\main\AndroidManifest.xml:17:9-43
33        android:label="@string/app_name"
33-->src\main\AndroidManifest.xml:18:9-41
34        android:roundIcon="@mipmap/ic_launcher_round"
34-->src\main\AndroidManifest.xml:19:9-54
35        android:supportsRtl="true"
35-->src\main\AndroidManifest.xml:20:9-35
36        android:theme="@style/Theme.WebRTCStreamer"
36-->src\main\AndroidManifest.xml:21:9-52
37        android:usesCleartextTraffic="true" >
37-->src\main\AndroidManifest.xml:22:9-44
38        <activity
38-->src\main\AndroidManifest.xml:25:9-33:20
39            android:name="com.example.webrtcstreamer.MainActivity"
39-->src\main\AndroidManifest.xml:26:13-41
40            android:exported="true"
40-->src\main\AndroidManifest.xml:27:13-36
41            android:screenOrientation="portrait" >
41-->src\main\AndroidManifest.xml:28:13-49
42            <intent-filter>
42-->src\main\AndroidManifest.xml:29:13-32:29
43                <action android:name="android.intent.action.MAIN" />
43-->src\main\AndroidManifest.xml:30:17-69
43-->src\main\AndroidManifest.xml:30:25-66
44
45                <category android:name="android.intent.category.LAUNCHER" />
45-->src\main\AndroidManifest.xml:31:17-77
45-->src\main\AndroidManifest.xml:31:27-74
46            </intent-filter>
47        </activity>
48
49        <service
49-->[androidx.camera:camera-camera2:1.3.1] AndroidManifest.xml:24:9-33:19
50            android:name="androidx.camera.core.impl.MetadataHolderService"
50-->[androidx.camera:camera-camera2:1.3.1] AndroidManifest.xml:25:13-75
51            android:enabled="false"
51-->[androidx.camera:camera-camera2:1.3.1] AndroidManifest.xml:26:13-36
52            android:exported="false" >
52-->[androidx.camera:camera-camera2:1.3.1] AndroidManifest.xml:27:13-37
53            <meta-data
53-->[androidx.camera:camera-camera2:1.3.1] AndroidManifest.xml:30:13-32:89
54                android:name="androidx.camera.core.impl.MetadataHolderService.DEFAULT_CONFIG_PROVIDER"
54-->[androidx.camera:camera-camera2:1.3.1] AndroidManifest.xml:31:17-103
55                android:value="androidx.camera.camera2.Camera2Config$DefaultProvider" />
55-->[androidx.camera:camera-camera2:1.3.1] AndroidManifest.xml:32:17-86
56        </service>
57
58        <provider
58-->[androidx.emoji2:emoji2:1.2.0] AndroidManifest.xml:24:9-32:20
59            android:name="androidx.startup.InitializationProvider"
59-->[androidx.emoji2:emoji2:1.2.0] AndroidManifest.xml:25:13-67
60            android:authorities="com.example.webrtcstreamer.androidx-startup"
60-->[androidx.emoji2:emoji2:1.2.0] AndroidManifest.xml:26:13-68
61            android:exported="false" >
61-->[androidx.emoji2:emoji2:1.2.0] AndroidManifest.xml:27:13-37
62            <meta-data
62-->[androidx.emoji2:emoji2:1.2.0] AndroidManifest.xml:29:13-31:52
63                android:name="androidx.emoji2.text.EmojiCompatInitializer"
63-->[androidx.emoji2:emoji2:1.2.0] AndroidManifest.xml:30:17-75
64                android:value="androidx.startup" />
64-->[androidx.emoji2:emoji2:1.2.0] AndroidManifest.xml:31:17-49
65            <meta-data
65-->[androidx.lifecycle:lifecycle-process:2.7.0] AndroidManifest.xml:29:13-31:52
66                android:name="androidx.lifecycle.ProcessLifecycleInitializer"
66-->[androidx.lifecycle:lifecycle-process:2.7.0] AndroidManifest.xml:30:17-78
67                android:value="androidx.startup" />
67-->[androidx.lifecycle:lifecycle-process:2.7.0] AndroidManifest.xml:31:17-49
68            <meta-data
68-->[androidx.profileinstaller:profileinstaller:1.3.0] AndroidManifest.xml:29:13-31:52
69                android:name="androidx.profileinstaller.ProfileInstallerInitializer"
69-->[androidx.profileinstaller:profileinstaller:1.3.0] AndroidManifest.xml:30:17-85
70                android:value="androidx.startup" />
70-->[androidx.profileinstaller:profileinstaller:1.3.0] AndroidManifest.xml:31:17-49
71        </provider>
72
73        <receiver
73-->[androidx.profileinstaller:profileinstaller:1.3.0] AndroidManifest.xml:34:9-52:20
74            android:name="androidx.profileinstaller.ProfileInstallReceiver"
74-->[androidx.profileinstaller:profileinstaller:1.3.0] AndroidManifest.xml:35:13-76
75            android:directBootAware="false"
75-->[androidx.profileinstaller:profileinstaller:1.3.0] AndroidManifest.xml:36:13-44
76            android:enabled="true"
76-->[androidx.profileinstaller:profileinstaller:1.3.0] AndroidManifest.xml:37:13-35
77            android:exported="true"
77-->[androidx.profileinstaller:profileinstaller:1.3.0] AndroidManifest.xml:38:13-36
78            android:permission="android.permission.DUMP" >
78-->[androidx.profileinstaller:profileinstaller:1.3.0] AndroidManifest.xml:39:13-57
79            <intent-filter>
79-->[androidx.profileinstaller:profileinstaller:1.3.0] AndroidManifest.xml:40:13-42:29
80                <action android:name="androidx.profileinstaller.action.INSTALL_PROFILE" />
80-->[androidx.profileinstaller:profileinstaller:1.3.0] AndroidManifest.xml:41:17-91
80-->[androidx.profileinstaller:profileinstaller:1.3.0] AndroidManifest.xml:41:25-88
81            </intent-filter>
82            <intent-filter>
82-->[androidx.profileinstaller:profileinstaller:1.3.0] AndroidManifest.xml:43:13-45:29
83                <action android:name="androidx.profileinstaller.action.SKIP_FILE" />
83-->[androidx.profileinstaller:profileinstaller:1.3.0] AndroidManifest.xml:44:17-85
83-->[androidx.profileinstaller:profileinstaller:1.3.0] AndroidManifest.xml:44:25-82
84            </intent-filter>
85            <intent-filter>
85-->[androidx.profileinstaller:profileinstaller:1.3.0] AndroidManifest.xml:46:13-48:29
86                <action android:name="androidx.profileinstaller.action.SAVE_PROFILE" />
86-->[androidx.profileinstaller:profileinstaller:1.3.0] AndroidManifest.xml:47:17-88
86-->[androidx.profileinstaller:profileinstaller:1.3.0] AndroidManifest.xml:47:25-85
87            </intent-filter>
88            <intent-filter>
88-->[androidx.profileinstaller:profileinstaller:1.3.0] AndroidManifest.xml:49:13-51:29
89                <action android:name="androidx.profileinstaller.action.BENCHMARK_OPERATION" />
89-->[androidx.profileinstaller:profileinstaller:1.3.0] AndroidManifest.xml:50:17-95
89-->[androidx.profileinstaller:profileinstaller:1.3.0] AndroidManifest.xml:50:25-92
90            </intent-filter>
91        </receiver>
92    </application>
93
94</manifest>